[2022-12-1110: 56:38] [ ERROR] [GlobalExceptionHandler:25] Cannot invoke "String.isBlank()" because the return value of "com.example.clinicaOdontologicaProyecto.model.dto.OdontologoDto.getMatricula()" is null
H: mm:ss}] [ ERROR] [GlobalExceptionHandler:25] Cannot invoke "String.isBlank()" because the return value of "com.example.clinicaOdontologicaProyecto.model.dto.OdontologoDto.getMatricula()" is null
[2022-12-1110: 57:19] [ ERROR] [GlobalExceptionHandler:25] Cannot invoke "String.isBlank()" because the return value of "com.example.clinicaOdontologicaProyecto.model.dto.OdontologoDto.getMatricula()" is null
H: mm:ss}] [ ERROR] [GlobalExceptionHandler:25] Cannot invoke "String.isBlank()" because the return value of "com.example.clinicaOdontologicaProyecto.model.dto.OdontologoDto.getMatricula()" is null
[2022-12-1111: 01:34] [ ERROR] [GlobalExceptionHandler:25] Cannot invoke "String.isBlank()" because the return value of "com.example.clinicaOdontologicaProyecto.model.dto.OdontologoDto.getMatricula()" is null
H: mm:ss}] [ ERROR] [GlobalExceptionHandler:25] Cannot invoke "String.isBlank()" because the return value of "com.example.clinicaOdontologicaProyecto.model.dto.OdontologoDto.getMatricula()" is null
[2022-12-1111: 13:49] [ ERROR] [GlobalExceptionHandler:25] Ambiguous handler methods mapped for '/odontologo/buscar/1': {public com.example.clinicaOdontologicaProyecto.model.dto.OdontologoDto com.example.clinicaOdontologicaProyecto.controller.OdontologoController.buscarPorMatricula(java.lang.String) throws com.example.clinicaOdontologicaProyecto.exceptions.ResourceNotFoundException, public com.example.clinicaOdontologicaProyecto.model.dto.OdontologoDto com.example.clinicaOdontologicaProyecto.controller.OdontologoController.buscarPorId(java.lang.Integer) throws com.example.clinicaOdontologicaProyecto.exceptions.ResourceNotFoundException}
H: mm:ss}] [ ERROR] [GlobalExceptionHandler:25] Ambiguous handler methods mapped for '/odontologo/buscar/1': {public com.example.clinicaOdontologicaProyecto.model.dto.OdontologoDto com.example.clinicaOdontologicaProyecto.controller.OdontologoController.buscarPorMatricula(java.lang.String) throws com.example.clinicaOdontologicaProyecto.exceptions.ResourceNotFoundException, public com.example.clinicaOdontologicaProyecto.model.dto.OdontologoDto com.example.clinicaOdontologicaProyecto.controller.OdontologoController.buscarPorId(java.lang.Integer) throws com.example.clinicaOdontologicaProyecto.exceptions.ResourceNotFoundException}
[2022-12-1111: 13:57] [ ERROR] [GlobalExceptionHandler:25] Ambiguous handler methods mapped for '/odontologo/buscar/1': {public com.example.clinicaOdontologicaProyecto.model.dto.OdontologoDto com.example.clinicaOdontologicaProyecto.controller.OdontologoController.buscarPorMatricula(java.lang.String) throws com.example.clinicaOdontologicaProyecto.exceptions.ResourceNotFoundException, public com.example.clinicaOdontologicaProyecto.model.dto.OdontologoDto com.example.clinicaOdontologicaProyecto.controller.OdontologoController.buscarPorId(java.lang.Integer) throws com.example.clinicaOdontologicaProyecto.exceptions.ResourceNotFoundException}
H: mm:ss}] [ ERROR] [GlobalExceptionHandler:25] Ambiguous handler methods mapped for '/odontologo/buscar/1': {public com.example.clinicaOdontologicaProyecto.model.dto.OdontologoDto com.example.clinicaOdontologicaProyecto.controller.OdontologoController.buscarPorMatricula(java.lang.String) throws com.example.clinicaOdontologicaProyecto.exceptions.ResourceNotFoundException, public com.example.clinicaOdontologicaProyecto.model.dto.OdontologoDto com.example.clinicaOdontologicaProyecto.controller.OdontologoController.buscarPorId(java.lang.Integer) throws com.example.clinicaOdontologicaProyecto.exceptions.ResourceNotFoundException}
[2022-12-1111: 17:07] [ ERROR] [GlobalExceptionHandler:25] could not prepare statement; SQL [SELECT * FROM Odontologos o where o.matricula = ? ]
H: mm:ss}] [ ERROR] [GlobalExceptionHandler:25] could not prepare statement; SQL [SELECT * FROM Odontologos o where o.matricula = ? ]
[2022-12-1111: 17:25] [ ERROR] [GlobalExceptionHandler:25] could not prepare statement; SQL [SELECT * FROM Odontologos o where o.matricula = ? ]
H: mm:ss}] [ ERROR] [GlobalExceptionHandler:25] could not prepare statement; SQL [SELECT * FROM Odontologos o where o.matricula = ? ]
[2022-12-1111: 17:38] [ ERROR] [GlobalExceptionHandler:25] could not prepare statement; SQL [SELECT * FROM Odontologos o where o.matricula = ? ]
H: mm:ss}] [ ERROR] [GlobalExceptionHandler:25] could not prepare statement; SQL [SELECT * FROM Odontologos o where o.matricula = ? ]
[2022-12-1111: 17:49] [ ERROR] [GlobalExceptionHandler:25] could not prepare statement; SQL [SELECT * FROM Odontologos o where o.matricula = ? ]
H: mm:ss}] [ ERROR] [GlobalExceptionHandler:25] could not prepare statement; SQL [SELECT * FROM Odontologos o where o.matricula = ? ]
[2022-12-1111: 18:06] [ ERROR] [GlobalExceptionHandler:25] could not prepare statement; SQL [SELECT * FROM Odontologos o where o.matricula = ? ]
H: mm:ss}] [ ERROR] [GlobalExceptionHandler:25] could not prepare statement; SQL [SELECT * FROM Odontologos o where o.matricula = ? ]
[2022-12-1111: 19:12] [ ERROR] [GlobalExceptionHandler:25] Ambiguous handler methods mapped for '/pacient/buscar/1': {public java.util.List com.example.clinicaOdontologicaProyecto.controller.PacienteController.obtenerPorNombre(java.lang.String), public java.util.List com.example.clinicaOdontologicaProyecto.controller.PacienteController.buscarPorApellido(java.lang.String)}
H: mm:ss}] [ ERROR] [GlobalExceptionHandler:25] Ambiguous handler methods mapped for '/pacient/buscar/1': {public java.util.List com.example.clinicaOdontologicaProyecto.controller.PacienteController.obtenerPorNombre(java.lang.String), public java.util.List com.example.clinicaOdontologicaProyecto.controller.PacienteController.buscarPorApellido(java.lang.String)}
[2022-12-1111: 24:56] [ ERROR] [GlobalExceptionHandler:25] could not prepare statement; SQL [SELECT * FROM Pacientes p where p.nombre = ? ]
H: mm:ss}] [ ERROR] [GlobalExceptionHandler:25] could not prepare statement; SQL [SELECT * FROM Pacientes p where p.nombre = ? ]
[2022-12-1111: 25:07] [ ERROR] [GlobalExceptionHandler:25] could not prepare statement; SQL [SELECT * FROM Pacientes p where p.apellido = ? ]
H: mm:ss}] [ ERROR] [GlobalExceptionHandler:25] could not prepare statement; SQL [SELECT * FROM Pacientes p where p.apellido = ? ]
